<?xml version="1.0" encoding="UTF-8"?>
<testsuite xmlns:xsi="http://www.w3.org/2001/XMLSchema-instance" xsi:noNamespaceSchemaLocation="https://maven.apache.org/surefire/maven-surefire-plugin/xsd/surefire-test-report.xsd" name="TestMap" time="0.127" tests="2" errors="0" skipped="0" failures="0">
  <properties>
    <property name="sun.desktop" value="windows"/>
    <property name="awt.toolkit" value="sun.awt.windows.WToolkit"/>
    <property name="file.encoding.pkg" value="sun.io"/>
    <property name="java.specification.version" value="1.8"/>
    <property name="sun.cpu.isalist" value="amd64"/>
    <property name="sun.jnu.encoding" value="GBK"/>
    <property name="java.class.path" value="D:\workspace\tuling\spring-boot-demo\java_learn\target\test-classes;D:\workspace\tuling\spring-boot-demo\java_learn\target\classes;D:\maven_repository\cglib\cglib\2.2\cglib-2.2.jar;D:\maven_repository\asm\asm\3.1\asm-3.1.jar;D:\maven_repository\org\springframework\spring-context\5.3.9\spring-context-5.3.9.jar;D:\maven_repository\org\springframework\spring-beans\5.3.9\spring-beans-5.3.9.jar;D:\maven_repository\org\springframework\spring-core\5.3.9\spring-core-5.3.9.jar;D:\maven_repository\org\springframework\spring-jcl\5.3.9\spring-jcl-5.3.9.jar;D:\maven_repository\org\springframework\spring-expression\5.3.9\spring-expression-5.3.9.jar;D:\maven_repository\org\springframework\spring-aop\5.3.9\spring-aop-5.3.9.jar;D:\maven_repository\org\aspectj\aspectjweaver\1.9.7\aspectjweaver-1.9.7.jar;D:\maven_repository\org\mybatis\mybatis\3.5.4\mybatis-3.5.4.jar;D:\maven_repository\junit\junit\4.13.2\junit-4.13.2.jar;D:\maven_repository\org\hamcrest\hamcrest-core\2.2\hamcrest-core-2.2.jar;D:\maven_repository\org\hamcrest\hamcrest\2.2\hamcrest-2.2.jar;"/>
    <property name="java.vm.vendor" value="Oracle Corporation"/>
    <property name="sun.arch.data.model" value="64"/>
    <property name="user.variant" value=""/>
    <property name="java.vendor.url" value="http://java.oracle.com/"/>
    <property name="user.timezone" value="Asia/Shanghai"/>
    <property name="java.vm.specification.version" value="1.8"/>
    <property name="os.name" value="Windows 10"/>
    <property name="user.country" value="CN"/>
    <property name="sun.java.launcher" value="SUN_STANDARD"/>
    <property name="sun.boot.library.path" value="D:\soft\Java\jdk1.8.0_191\jre\bin"/>
    <property name="sun.java.command" value="C:\Users\ADMINI~1\AppData\Local\Temp\surefire8409798586407878949\surefirebooter5229652201641354392.jar C:\Users\Administrator\AppData\Local\Temp\surefire8409798586407878949 2022-09-23T10-30-21_131-jvmRun1 surefire8809159297594946605tmp surefire_2544078929506076584tmp"/>
    <property name="surefire.test.class.path" value="D:\workspace\tuling\spring-boot-demo\java_learn\target\test-classes;D:\workspace\tuling\spring-boot-demo\java_learn\target\classes;D:\maven_repository\cglib\cglib\2.2\cglib-2.2.jar;D:\maven_repository\asm\asm\3.1\asm-3.1.jar;D:\maven_repository\org\springframework\spring-context\5.3.9\spring-context-5.3.9.jar;D:\maven_repository\org\springframework\spring-beans\5.3.9\spring-beans-5.3.9.jar;D:\maven_repository\org\springframework\spring-core\5.3.9\spring-core-5.3.9.jar;D:\maven_repository\org\springframework\spring-jcl\5.3.9\spring-jcl-5.3.9.jar;D:\maven_repository\org\springframework\spring-expression\5.3.9\spring-expression-5.3.9.jar;D:\maven_repository\org\springframework\spring-aop\5.3.9\spring-aop-5.3.9.jar;D:\maven_repository\org\aspectj\aspectjweaver\1.9.7\aspectjweaver-1.9.7.jar;D:\maven_repository\org\mybatis\mybatis\3.5.4\mybatis-3.5.4.jar;D:\maven_repository\junit\junit\4.13.2\junit-4.13.2.jar;D:\maven_repository\org\hamcrest\hamcrest-core\2.2\hamcrest-core-2.2.jar;D:\maven_repository\org\hamcrest\hamcrest\2.2\hamcrest-2.2.jar;"/>
    <property name="sun.cpu.endian" value="little"/>
    <property name="user.home" value="C:\Users\Administrator"/>
    <property name="user.language" value="zh"/>
    <property name="java.specification.vendor" value="Oracle Corporation"/>
    <property name="java.home" value="D:\soft\Java\jdk1.8.0_191\jre"/>
    <property name="basedir" value="D:\workspace\tuling\spring-boot-demo\java_learn"/>
    <property name="file.separator" value="\"/>
    <property name="line.separator" value="&#10;"/>
    <property name="java.vm.specification.vendor" value="Oracle Corporation"/>
    <property name="java.specification.name" value="Java Platform API Specification"/>
    <property name="java.awt.graphicsenv" value="sun.awt.Win32GraphicsEnvironment"/>
    <property name="surefire.real.class.path" value="C:\Users\ADMINI~1\AppData\Local\Temp\surefire8409798586407878949\surefirebooter5229652201641354392.jar"/>
    <property name="sun.boot.class.path" value="D:\soft\Java\jdk1.8.0_191\jre\lib\resources.jar;D:\soft\Java\jdk1.8.0_191\jre\lib\rt.jar;D:\soft\Java\jdk1.8.0_191\jre\lib\sunrsasign.jar;D:\soft\Java\jdk1.8.0_191\jre\lib\jsse.jar;D:\soft\Java\jdk1.8.0_191\jre\lib\jce.jar;D:\soft\Java\jdk1.8.0_191\jre\lib\charsets.jar;D:\soft\Java\jdk1.8.0_191\jre\lib\jfr.jar;D:\soft\Java\jdk1.8.0_191\jre\classes"/>
    <property name="user.script" value=""/>
    <property name="sun.management.compiler" value="HotSpot 64-Bit Tiered Compilers"/>
    <property name="java.runtime.version" value="1.8.0_191-b12"/>
    <property name="user.name" value="Administrator"/>
    <property name="path.separator" value=";"/>
    <property name="os.version" value="10.0"/>
    <property name="java.endorsed.dirs" value="D:\soft\Java\jdk1.8.0_191\jre\lib\endorsed"/>
    <property name="java.runtime.name" value="Java(TM) SE Runtime Environment"/>
    <property name="file.encoding" value="GBK"/>
    <property name="java.vm.name" value="Java HotSpot(TM) 64-Bit Server VM"/>
    <property name="localRepository" value="D:\maven_repository"/>
    <property name="java.vendor.url.bug" value="http://bugreport.sun.com/bugreport/"/>
    <property name="java.io.tmpdir" value="C:\Users\ADMINI~1\AppData\Local\Temp\"/>
    <property name="idea.version" value="2022.1.4"/>
    <property name="java.version" value="1.8.0_191"/>
    <property name="user.dir" value="D:\workspace\tuling\spring-boot-demo\java_learn"/>
    <property name="os.arch" value="amd64"/>
    <property name="java.vm.specification.name" value="Java Virtual Machine Specification"/>
    <property name="java.awt.printerjob" value="sun.awt.windows.WPrinterJob"/>
    <property name="sun.os.patch.level" value=""/>
    <property name="java.library.path" value="D:\soft\Java\jdk1.8.0_191\jre\bin;C:\Windows\Sun\Java\bin;C:\Windows\system32;C:\Windows;C:\Program Files (x86)\Common Files\Oracle\Java\javapath;C:\Windows\System32;C:\Windows\system32;D:\soft\Git\cmd;D:\soft\Java\jdk1.8.0_191\bin;D:\soft\nodejs\;D:\soft\nodejs\node_global;D:\soft\nodejs\node_global\node_modules\yarn\bin;D:\soft\Python27;C:\Windows\System32;C:\Users\Administrator\AppData\Roaming\npm;;d:\soft\vscode\bin;."/>
    <property name="java.vm.info" value="mixed mode"/>
    <property name="java.vendor" value="Oracle Corporation"/>
    <property name="java.vm.version" value="25.191-b12"/>
    <property name="java.ext.dirs" value="D:\soft\Java\jdk1.8.0_191\jre\lib\ext;C:\Windows\Sun\Java\lib\ext"/>
    <property name="sun.io.unicode.encoding" value="UnicodeLittle"/>
    <property name="maven.repo.local" value="D:\maven_repository"/>
    <property name="java.class.version" value="52.0"/>
  </properties>
  <testcase name="test01" classname="TestMap" time="0.126"/>
  <testcase name="test02" classname="TestMap" time="0.001"/>
</testsuite>